<?xml version="1.0" encoding="UTF-8"?>
<!-- Generated by org.testng.reporters.JUnitReportReporter -->
<testsuite hostname="Prabu" name="runner.TestNG.Song" tests="1" failures="0" timestamp="1 Dec 2017 22:41:28 GMT" time="14.491" errors="0">
  <testcase name="feature" time="14.491" classname="runner.TestNG.Song"/>
</testsuite> <!-- runner.TestNG.Song -->
