<?xml version="1.0" encoding="UTF-8"?>
<!-- Generated by org.testng.reporters.JUnitReportReporter -->
<testsuite hostname="Prabu" name="runner.TestNG.Playlist" tests="1" failures="0" timestamp="1 Dec 2017 22:41:28 GMT" time="12.798" errors="0">
  <testcase name="feature" time="12.798" classname="runner.TestNG.Playlist"/>
</testsuite> <!-- runner.TestNG.Playlist -->
